[0.090s] Invoking command in '/home/jetson/ros_ws/build/gscam2': CMAKE_PREFIX_PATH=${CMAKE_PREFIX_PATH}:/home/jetson/ros_ws/install/nanosaur_hardware:/opt/ros/eloquent /usr/bin/cmake --build /home/jetson/ros_ws/build/gscam2 -- -j4 -l4
[0.376s] [35m[1mScanning dependencies of target gscam_main[0m
[0.606s] [ 11%] [32mBuilding CXX object CMakeFiles/gscam_main.dir/src/gscam_node.cpp.o[0m
[1.542s] [01m[K/home/jetson/ros_ws/src/gscam2/src/gscam_node.cpp:9:10:[m[K [01;31m[Kfatal error: [m[Kros2_shared/context_macros.h: No such file or directory
[1.543s]  #include [01;31m[K"ros2_shared/context_macros.h"[m[K
[1.543s]           [01;31m[K^~~~~~~~~~~~~~~~~~~~~~~~~~~~~~[m[K
[1.544s] compilation terminated.
[1.555s] make[2]: *** [CMakeFiles/gscam_main.dir/src/gscam_node.cpp.o] Error 1
[1.556s] CMakeFiles/gscam_main.dir/build.make:86: recipe for target 'CMakeFiles/gscam_main.dir/src/gscam_node.cpp.o' failed
[1.556s] make[1]: *** [CMakeFiles/gscam_main.dir/all] Error 2
[1.557s] CMakeFiles/Makefile2:67: recipe for target 'CMakeFiles/gscam_main.dir/all' failed
[1.557s] Makefile:140: recipe for target 'all' failed
[1.558s] make: *** [all] Error 2
[1.562s] Invoked command in '/home/jetson/ros_ws/build/gscam2' returned '2': CMAKE_PREFIX_PATH=${CMAKE_PREFIX_PATH}:/home/jetson/ros_ws/install/nanosaur_hardware:/opt/ros/eloquent /usr/bin/cmake --build /home/jetson/ros_ws/build/gscam2 -- -j4 -l4
