[0.095s] Invoking command in '/home/jetson/ros_ws/build/gscam2': CMAKE_PREFIX_PATH=/home/jetson/ros_ws/install/ros2_shared:/home/jetson/ros_ws/install/gscam2:/home/jetson/ros_ws/install/nanosaur_msgs:/home/jetson/ros_ws/install/nanosaur_description:/home/jetson/ros_ws/install/nanosaur_control:/home/jetson/ros_ws/install/jetson_stats_msgs:/home/jetson/ros_ws/install/cpp_first_pkg:/home/jetson/ros_ws/install/nanosaur_hardware:/opt/ros/eloquent /usr/bin/cmake --build /home/jetson/ros_ws/build/gscam2 -- -j4 -l4
[0.381s] [35m[1mScanning dependencies of target gscam_main[0m
[0.571s] [ 11%] [32mBuilding CXX object CMakeFiles/gscam_main.dir/src/gscam_node.cpp.o[0m
[5.455s] [01m[K/home/jetson/ros_ws/src/gscam2/src/gscam_node.cpp:71:39:[m[K [01;31m[Kerror: [m[Kâ€˜[01m[KImage[m[Kâ€™ is not a member of â€˜[01m[Ksensor_msgs::msg[m[Kâ€™
[5.457s]    rclcpp::Publisher<sensor_msgs::msg::[01;31m[KImage[m[K>::SharedPtr camera_pub_;
[5.457s]                                        [01;31m[K^~~~~[m[K
[5.458s] [01m[K/home/jetson/ros_ws/src/gscam2/src/gscam_node.cpp:71:39:[m[K [01;31m[Kerror: [m[Kâ€˜[01m[KImage[m[Kâ€™ is not a member of â€˜[01m[Ksensor_msgs::msg[m[Kâ€™
[5.459s] [01m[K/home/jetson/ros_ws/src/gscam2/src/gscam_node.cpp:71:44:[m[K [01;31m[Kerror: [m[Ktemplate argument 1 is invalid
[5.459s]    rclcpp::Publisher<sensor_msgs::msg::Image[01;31m[K>[m[K::SharedPtr camera_pub_;
[5.460s]                                             [01;31m[K^[m[K
[5.460s] [01m[K/home/jetson/ros_ws/src/gscam2/src/gscam_node.cpp:71:47:[m[K [01;31m[Kerror: [m[Kexpected â€˜[01m[K;[m[Kâ€™ at end of member declaration
[5.461s]    rclcpp::Publisher<sensor_msgs::msg::Image>::[01;31m[KSharedPtr[m[K camera_pub_;
[5.462s]                                                [01;31m[K^~~~~~~~~[m[K
[5.475s] [01m[K/home/jetson/ros_ws/src/gscam2/src/gscam_node.cpp:71:57:[m[K [01;31m[Kerror: [m[Kâ€˜[01m[Kcamera_pub_[m[Kâ€™ does not name a type
[5.476s]    rclcpp::Publisher<sensor_msgs::msg::Image>::SharedPtr [01;31m[Kcamera_pub_[m[K;
[5.476s]                                                          [01;31m[K^~~~~~~~~~~[m[K
[5.554s] [01m[K/home/jetson/ros_ws/src/gscam2/src/gscam_node.cpp:[m[K In member function â€˜[01m[Kbool gscam2::GSCamNode::impl::create_pipeline()[m[Kâ€™:
[5.555s] [01m[K/home/jetson/ros_ws/src/gscam2/src/gscam_node.cpp:171:68:[m[K [01;31m[Kerror: [m[Kâ€˜[01m[KYUV422_YUY2[m[Kâ€™ is not a member of â€˜[01m[Ksensor_msgs::image_encodings[m[Kâ€™
[5.555s]    } else if (cxt_.image_encoding_ == sensor_msgs::image_encodings::[01;31m[KYUV422_YUY2[m[K) {
[5.556s]                                                                     [01;31m[K^~~~~~~~~~~[m[K
[5.557s] [01m[K/home/jetson/ros_ws/src/gscam2/src/gscam_node.cpp:171:68:[m[K [01;36m[Knote: [m[Ksuggested alternative: â€˜[01m[KYUV422[m[Kâ€™
[5.557s]    } else if (cxt_.image_encoding_ == sensor_msgs::image_encodings::[01;36m[KYUV422_YUY2[m[K) {
[5.558s]                                                                     [01;36m[K^~~~~~~~~~~[m[K
[5.558s]                                                                     [32m[KYUV422[m[K
[5.581s] [01m[K/home/jetson/ros_ws/src/gscam2/src/gscam_node.cpp:248:5:[m[K [01;31m[Kerror: [m[Kâ€˜[01m[Kcamera_pub_[m[Kâ€™ was not declared in this scope
[5.582s]      [01;31m[Kcamera_pub_[m[K = node_->create_publisher<sensor_msgs::msg::Image>("image_raw", 1);
[5.583s]      [01;31m[K^~~~~~~~~~~[m[K
[5.598s] [01m[K/home/jetson/ros_ws/src/gscam2/src/gscam_node.cpp:248:5:[m[K [01;36m[Knote: [m[Ksuggested alternative: â€˜[01m[Kjpeg_pub_[m[Kâ€™
[5.599s]      [01;36m[Kcamera_pub_[m[K = node_->create_publisher<sensor_msgs::msg::Image>("image_raw", 1);
[5.600s]      [01;36m[K^~~~~~~~~~~[m[K
[5.602s]      [32m[Kjpeg_pub_[m[K
[5.603s] [01m[K/home/jetson/ros_ws/src/gscam2/src/gscam_node.cpp:248:61:[m[K [01;31m[Kerror: [m[Kâ€˜[01m[KImage[m[Kâ€™ is not a member of â€˜[01m[Ksensor_msgs::msg[m[Kâ€™
[5.603s]      camera_pub_ = node_->create_publisher<sensor_msgs::msg::[01;31m[KImage[m[K>("image_raw", 1);
[5.604s]                                                              [01;31m[K^~~~~[m[K
[5.605s] [01m[K/home/jetson/ros_ws/src/gscam2/src/gscam_node.cpp:248:61:[m[K [01;31m[Kerror: [m[Kâ€˜[01m[KImage[m[Kâ€™ is not a member of â€˜[01m[Ksensor_msgs::msg[m[Kâ€™
[5.605s] [01m[K/home/jetson/ros_ws/src/gscam2/src/gscam_node.cpp:248:82:[m[K [01;31m[Kerror: [m[Kno matching function for call to â€˜[01m[Krclcpp::Node::create_publisher<<expression error> >(const char [10], int)[m[Kâ€™
[5.606s]      camera_pub_ = node_->create_publisher<sensor_msgs::msg::Image>("image_raw", 1[01;31m[K)[m[K;
[5.607s]                                                                                   [01;31m[K^[m[K
[5.607s] In file included from [01m[K/opt/ros/eloquent/include/rclcpp/node.hpp:1114:0[m[K,
[5.608s]                  from [01m[K/opt/ros/eloquent/include/rclcpp/executors/single_threaded_executor.hpp:28[m[K,
[5.609s]                  from [01m[K/opt/ros/eloquent/include/rclcpp/executors.hpp:22[m[K,
[5.609s]                  from [01m[K/opt/ros/eloquent/include/rclcpp/rclcpp.hpp:145[m[K,
[5.610s]                  from [01m[K/home/jetson/ros_ws/src/gscam2/include/gscam2/gscam_node.hpp:4[m[K,
[5.610s]                  from [01m[K/home/jetson/ros_ws/src/gscam2/src/gscam_node.cpp:1[m[K:
[5.611s] [01m[K/opt/ros/eloquent/include/rclcpp/node_impl.hpp:69:1:[m[K [01;36m[Knote: [m[Kcandidate: template<class MessageT, class AllocatorT, class PublisherT> std::shared_ptr<PublisherT> rclcpp::Node::create_publisher(const string&, const rclcpp::QoS&, const rclcpp::PublisherOptionsWithAllocator<AllocatorT>&)
[5.612s]  [01;36m[KNode[m[K::create_publisher(
[5.612s]  [01;36m[K^~~~[m[K
[5.613s] [01m[K/opt/ros/eloquent/include/rclcpp/node_impl.hpp:69:1:[m[K [01;36m[Knote: [m[K  template argument deduction/substitution failed:
[5.614s] [01m[K/home/jetson/ros_ws/src/gscam2/src/gscam_node.cpp:248:82:[m[K [01;31m[Kerror: [m[Ktemplate argument 1 is invalid
[5.615s]      camera_pub_ = node_->create_publisher<sensor_msgs::msg::Image>("image_raw", 1[01;31m[K)[m[K;
[5.615s]                                                                                   [01;31m[K^[m[K
[5.684s] [01m[K/home/jetson/ros_ws/src/gscam2/src/gscam_node.cpp:[m[K In member function â€˜[01m[Kvoid gscam2::GSCamNode::impl::process_frame()[m[Kâ€™:
[5.685s] [01m[K/home/jetson/ros_ws/src/gscam2/src/gscam_node.cpp:376:51:[m[K [01;31m[Kerror: [m[Kâ€˜[01m[KImage[m[Kâ€™ is not a member of â€˜[01m[Ksensor_msgs::msg[m[Kâ€™
[5.686s]      auto img = std::make_unique<sensor_msgs::msg::[01;31m[KImage[m[K>();
[5.694s]                                                    [01;31m[K^~~~~[m[K
[5.695s] [01m[K/home/jetson/ros_ws/src/gscam2/src/gscam_node.cpp:376:51:[m[K [01;31m[Kerror: [m[Kâ€˜[01m[KImage[m[Kâ€™ is not a member of â€˜[01m[Ksensor_msgs::msg[m[Kâ€™
[5.696s] [01m[K/home/jetson/ros_ws/src/gscam2/src/gscam_node.cpp:376:58:[m[K [01;31m[Kerror: [m[Kno matching function for call to â€˜[01m[Kmake_unique<<expression error> >()[m[Kâ€™
[5.697s]      auto img = std::make_unique<sensor_msgs::msg::Image>([01;31m[K)[m[K;
[5.697s]                                                           [01;31m[K^[m[K
[5.698s] In file included from [01m[K/usr/include/c++/7/memory:80:0[m[K,
[5.699s]                  from [01m[K/opt/ros/eloquent/include/rclcpp/rclcpp.hpp:143[m[K,
[5.700s]                  from [01m[K/home/jetson/ros_ws/src/gscam2/include/gscam2/gscam_node.hpp:4[m[K,
[5.700s]                  from [01m[K/home/jetson/ros_ws/src/gscam2/src/gscam_node.cpp:1[m[K:
[5.701s] [01m[K/usr/include/c++/7/bits/unique_ptr.h:820:5:[m[K [01;36m[Knote: [m[Kcandidate: template<class _Tp, class ... _Args> typename std::_MakeUniq<_Tp>::__single_object std::make_unique(_Args&& ...)
[5.702s]      [01;36m[Kmake_unique[m[K(_Args&&... __args)
[5.703s]      [01;36m[K^~~~~~~~~~~[m[K
[5.704s] [01m[K/usr/include/c++/7/bits/unique_ptr.h:820:5:[m[K [01;36m[Knote: [m[K  template argument deduction/substitution failed:
[5.704s] [01m[K/home/jetson/ros_ws/src/gscam2/src/gscam_node.cpp:376:58:[m[K [01;31m[Kerror: [m[Ktemplate argument 1 is invalid
[5.705s]      auto img = std::make_unique<sensor_msgs::msg::Image>([01;31m[K)[m[K;
[5.706s]                                                           [01;31m[K^[m[K
[5.706s] In file included from [01m[K/usr/include/c++/7/memory:80:0[m[K,
[5.707s]                  from [01m[K/opt/ros/eloquent/include/rclcpp/rclcpp.hpp:143[m[K,
[5.708s]                  from [01m[K/home/jetson/ros_ws/src/gscam2/include/gscam2/gscam_node.hpp:4[m[K,
[5.709s]                  from [01m[K/home/jetson/ros_ws/src/gscam2/src/gscam_node.cpp:1[m[K:
[5.709s] [01m[K/usr/include/c++/7/bits/unique_ptr.h:826:5:[m[K [01;36m[Knote: [m[Kcandidate: template<class _Tp> typename std::_MakeUniq<_Tp>::__array std::make_unique(std::size_t)
[5.710s]      [01;36m[Kmake_unique[m[K(size_t __num)
[5.711s]      [01;36m[K^~~~~~~~~~~[m[K
[5.711s] [01m[K/usr/include/c++/7/bits/unique_ptr.h:826:5:[m[K [01;36m[Knote: [m[K  template argument deduction/substitution failed:
[5.712s] [01m[K/home/jetson/ros_ws/src/gscam2/src/gscam_node.cpp:376:58:[m[K [01;31m[Kerror: [m[Ktemplate argument 1 is invalid
[5.713s]      auto img = std::make_unique<sensor_msgs::msg::Image>([01;31m[K)[m[K;
[5.713s]                                                           [01;31m[K^[m[K
[5.714s] In file included from [01m[K/usr/include/c++/7/memory:80:0[m[K,
[5.714s]                  from [01m[K/opt/ros/eloquent/include/rclcpp/rclcpp.hpp:143[m[K,
[5.715s]                  from [01m[K/home/jetson/ros_ws/src/gscam2/include/gscam2/gscam_node.hpp:4[m[K,
[5.716s]                  from [01m[K/home/jetson/ros_ws/src/gscam2/src/gscam_node.cpp:1[m[K:
[5.717s] [01m[K/usr/include/c++/7/bits/unique_ptr.h:832:5:[m[K [01;36m[Knote: [m[Kcandidate: template<class _Tp, class ... _Args> typename std::_MakeUniq<_Tp>::__invalid_type std::make_unique(_Args&& ...) <deleted>
[5.717s]      [01;36m[Kmake_unique[m[K(_Args&&...) = delete;
[5.718s]      [01;36m[K^~~~~~~~~~~[m[K
[5.719s] [01m[K/usr/include/c++/7/bits/unique_ptr.h:832:5:[m[K [01;36m[Knote: [m[K  template argument deduction/substitution failed:
[5.719s] [01m[K/home/jetson/ros_ws/src/gscam2/src/gscam_node.cpp:376:58:[m[K [01;31m[Kerror: [m[Ktemplate argument 1 is invalid
[5.720s]      auto img = std::make_unique<sensor_msgs::msg::Image>([01;31m[K)[m[K;
[5.720s]                                                           [01;31m[K^[m[K
[5.721s] [01m[K/home/jetson/ros_ws/src/gscam2/src/gscam_node.cpp:403:5:[m[K [01;31m[Kerror: [m[Kâ€˜[01m[Kcamera_pub_[m[Kâ€™ was not declared in this scope
[5.722s]      [01;31m[Kcamera_pub_[m[K->publish(std::move(img));
[5.722s]      [01;31m[K^~~~~~~~~~~[m[K
[5.723s] [01m[K/home/jetson/ros_ws/src/gscam2/src/gscam_node.cpp:403:5:[m[K [01;36m[Knote: [m[Ksuggested alternative: â€˜[01m[Kjpeg_pub_[m[Kâ€™
[5.724s]      [01;36m[Kcamera_pub_[m[K->publish(std::move(img));
[5.724s]      [01;36m[K^~~~~~~~~~~[m[K
[5.725s]      [32m[Kjpeg_pub_[m[K
[5.725s] [01m[K/home/jetson/ros_ws/src/gscam2/src/gscam_node.cpp:[m[K In member function â€˜[01m[Kvoid gscam2::GSCamNode::impl::restart()[m[Kâ€™:
[5.726s] [01m[K/home/jetson/ros_ws/src/gscam2/src/gscam_node.cpp:440:59:[m[K [01;31m[Kerror: [m[Kâ€˜[01m[KYUV422_YUY2[m[Kâ€™ is not a member of â€˜[01m[Ksensor_msgs::image_encodings[m[Kâ€™
[5.727s]      cxt_.image_encoding_ != sensor_msgs::image_encodings::[01;31m[KYUV422_YUY2[m[K &&
[5.727s]                                                            [01;31m[K^~~~~~~~~~~[m[K
[5.728s] [01m[K/home/jetson/ros_ws/src/gscam2/src/gscam_node.cpp:440:59:[m[K [01;36m[Knote: [m[Ksuggested alternative: â€˜[01m[KYUV422[m[Kâ€™
[5.728s]      cxt_.image_encoding_ != sensor_msgs::image_encodings::[01;36m[KYUV422_YUY2[m[K &&
[5.729s]                                                            [01;36m[K^~~~~~~~~~~[m[K
[5.730s]                                                            [32m[KYUV422[m[K
[9.022s] CMakeFiles/gscam_main.dir/build.make:86: recipe for target 'CMakeFiles/gscam_main.dir/src/gscam_node.cpp.o' failed
[9.024s] make[2]: *** [CMakeFiles/gscam_main.dir/src/gscam_node.cpp.o] Error 1
[9.025s] make[1]: *** [CMakeFiles/gscam_main.dir/all] Error 2
[9.025s] CMakeFiles/Makefile2:67: recipe for target 'CMakeFiles/gscam_main.dir/all' failed
[9.026s] make: *** [all] Error 2
[9.027s] Makefile:140: recipe for target 'all' failed
[9.149s] Invoked command in '/home/jetson/ros_ws/build/gscam2' returned '2': CMAKE_PREFIX_PATH=/home/jetson/ros_ws/install/ros2_shared:/home/jetson/ros_ws/install/gscam2:/home/jetson/ros_ws/install/nanosaur_msgs:/home/jetson/ros_ws/install/nanosaur_description:/home/jetson/ros_ws/install/nanosaur_control:/home/jetson/ros_ws/install/jetson_stats_msgs:/home/jetson/ros_ws/install/cpp_first_pkg:/home/jetson/ros_ws/install/nanosaur_hardware:/opt/ros/eloquent /usr/bin/cmake --build /home/jetson/ros_ws/build/gscam2 -- -j4 -l4
