[0.097s] Invoking command in '/home/jetson/ros_ws/build/gscam2': CMAKE_PREFIX_PATH=${CMAKE_PREFIX_PATH}:/home/jetson/ros_ws/install/nanosaur_hardware:/opt/ros/eloquent /usr/bin/cmake --build /home/jetson/ros_ws/build/gscam2 -- -j4 -l4
[0.800s] [ 22%] Built target subscriber_node
[0.813s] [ 33%] [32mBuilding CXX object CMakeFiles/gscam_main.dir/src/gscam_node.cpp.o[0m
[0.815s] [ 44%] [32mBuilding CXX object CMakeFiles/gscam_node.dir/src/gscam_node.cpp.o[0m
[1.955s] [01m[K/home/jetson/ros_ws/src/gscam2/src/gscam_node.cpp:8:10:[m[K [01;31m[Kfatal error: [m[Kcamera_info_manager/camera_info_manager.hpp: No such file or directory
[1.955s]  #include [01;31m[K"camera_info_manager/camera_info_manager.hpp"[m[K
[1.956s]           [01;31m[K^~~~~~~~~~~~~~~~~~~~~~~~~~~~~~~~~~~~~~~~~~~~~[m[K
[1.957s] [01m[K/home/jetson/ros_ws/src/gscam2/src/gscam_node.cpp:8:10:[m[K [01;31m[Kfatal error: [m[Kcamera_info_manager/camera_info_manager.hpp: No such file or directory
[1.957s]  #include [01;31m[K"camera_info_manager/camera_info_manager.hpp"[m[K
[1.958s]           [01;31m[K^~~~~~~~~~~~~~~~~~~~~~~~~~~~~~~~~~~~~~~~~~~~~[m[K
[1.958s] compilation terminated.
[1.959s] compilation terminated.
[1.971s] CMakeFiles/gscam_main.dir/build.make:86: recipe for target 'CMakeFiles/gscam_main.dir/src/gscam_node.cpp.o' failed
[1.972s] CMakeFiles/gscam_node.dir/build.make:62: recipe for target 'CMakeFiles/gscam_node.dir/src/gscam_node.cpp.o' failed
[1.972s] CMakeFiles/Makefile2:206: recipe for target 'CMakeFiles/gscam_node.dir/all' failed
[1.973s] CMakeFiles/Makefile2:67: recipe for target 'CMakeFiles/gscam_main.dir/all' failed
[1.973s] make[2]: *** [CMakeFiles/gscam_main.dir/src/gscam_node.cpp.o] Error 1
[1.974s] make[2]: *** [CMakeFiles/gscam_node.dir/src/gscam_node.cpp.o] Error 1
[1.975s] make[1]: *** [CMakeFiles/gscam_node.dir/all] Error 2
[1.975s] make[1]: *** Waiting for unfinished jobs....
[1.976s] make[1]: *** [CMakeFiles/gscam_main.dir/all] Error 2
[1.977s] Makefile:140: recipe for target 'all' failed
[1.979s] make: *** [all] Error 2
[1.981s] Invoked command in '/home/jetson/ros_ws/build/gscam2' returned '2': CMAKE_PREFIX_PATH=${CMAKE_PREFIX_PATH}:/home/jetson/ros_ws/install/nanosaur_hardware:/opt/ros/eloquent /usr/bin/cmake --build /home/jetson/ros_ws/build/gscam2 -- -j4 -l4
