[0.064s] Invoking command in '/home/jetson/ros_ws/build/gscam2': CMAKE_PREFIX_PATH=${CMAKE_PREFIX_PATH}:/home/jetson/ros_ws/install/nanosaur_hardware:/opt/ros/eloquent /usr/bin/cmake /home/jetson/ros_ws/src/gscam2 -DAMENT_CMAKE_SYMLINK_INSTALL=1 -DCMAKE_INSTALL_PREFIX=/home/jetson/ros_ws/install/gscam2
[0.140s] -- Found ament_cmake: 0.8.3 (/opt/ros/eloquent/share/ament_cmake/cmake)
[0.256s] -- Using PYTHON_EXECUTABLE: /usr/bin/python3
[1.500s] -- Override CMake install command with custom implementation using symlinks instead of copying resources
[1.526s] -- Found camera_calibration_parsers: 2.2.1 (/opt/ros/eloquent/share/camera_calibration_parsers/cmake)
[1.580s] -- Found rosidl_adapter: 0.8.3 (/opt/ros/eloquent/share/rosidl_adapter/cmake)
[1.709s] -- Found rmw_implementation_cmake: 0.8.1 (/opt/ros/eloquent/share/rmw_implementation_cmake/cmake)
[1.716s] -- Using RMW implementation 'rmw_fastrtps_cpp' as default
[2.005s] -- Setting yaml-cpp_DIR to: '/opt/ros/eloquent/share/yaml_cpp_vendor/cmake/../../../opt/yaml_cpp_vendor/lib/cmake/yaml-cpp'
[2.015s] -- Found camera_info_manager: 2.2.1 (/opt/ros/eloquent/share/camera_info_manager/cmake)
[2.021s] -- Found class_loader: 1.4.1 (/opt/ros/eloquent/share/class_loader/cmake)
[2.022s] -- Found poco_vendor:  (/opt/ros/eloquent/share/poco_vendor/cmake)
[2.038s] -- Found rclcpp_components: 0.8.5 (/opt/ros/eloquent/share/rclcpp_components/cmake)
[2.102s] -- Found rclpy: 0.8.5 (/opt/ros/eloquent/share/rclpy/cmake)
[2.103s] -- Found ros2_shared: 0.1.0 (/home/jetson/ros_ws/install/ros2_shared/share/ros2_shared/cmake)
[3.081s] -- Configuring done
[3.349s] -- Generating done
[3.357s] -- Build files have been written to: /home/jetson/ros_ws/build/gscam2
[3.370s] Invoked command in '/home/jetson/ros_ws/build/gscam2' returned '0': CMAKE_PREFIX_PATH=${CMAKE_PREFIX_PATH}:/home/jetson/ros_ws/install/nanosaur_hardware:/opt/ros/eloquent /usr/bin/cmake /home/jetson/ros_ws/src/gscam2 -DAMENT_CMAKE_SYMLINK_INSTALL=1 -DCMAKE_INSTALL_PREFIX=/home/jetson/ros_ws/install/gscam2
[3.382s] Invoking command in '/home/jetson/ros_ws/build/gscam2': CMAKE_PREFIX_PATH=${CMAKE_PREFIX_PATH}:/home/jetson/ros_ws/install/nanosaur_hardware:/opt/ros/eloquent /usr/bin/cmake --build /home/jetson/ros_ws/build/gscam2 -- -j4 -l4
[3.551s] [35m[1mScanning dependencies of target gscam_main[0m
[3.554s] [35m[1mScanning dependencies of target gscam_node[0m
[3.573s] [35m[1mScanning dependencies of target subscriber_node[0m
[3.850s] [ 11%] [32mBuilding CXX object CMakeFiles/subscriber_node.dir/src/subscriber_node.cpp.o[0m
[3.938s] [ 22%] [32mBuilding CXX object CMakeFiles/gscam_main.dir/src/gscam_main.cpp.o[0m
[3.972s] [ 33%] [32mBuilding CXX object CMakeFiles/gscam_main.dir/src/gscam_node.cpp.o[0m
[3.987s] [ 44%] [32mBuilding CXX object CMakeFiles/gscam_node.dir/src/gscam_node.cpp.o[0m
[5.915s] [01m[K/home/jetson/ros_ws/src/gscam2/src/gscam_node.cpp:8:10:[m[K [01;31m[Kfatal error: [m[Kcamera_info_manager/camera_info_manager.hpp: No such file or directory
[5.916s]  #include [01;31m[K"camera_info_manager/camera_info_manager.hpp"[m[K
[5.917s]           [01;31m[K^~~~~~~~~~~~~~~~~~~~~~~~~~~~~~~~~~~~~~~~~~~~~[m[K
[5.918s] compilation terminated.
[5.929s] CMakeFiles/gscam_node.dir/build.make:62: recipe for target 'CMakeFiles/gscam_node.dir/src/gscam_node.cpp.o' failed
[5.930s] make[2]: *** [CMakeFiles/gscam_node.dir/src/gscam_node.cpp.o] Error 1
[5.931s] CMakeFiles/Makefile2:206: recipe for target 'CMakeFiles/gscam_node.dir/all' failed
[5.931s] make[1]: *** [CMakeFiles/gscam_node.dir/all] Error 2
[5.932s] make[1]: *** Waiting for unfinished jobs....
[5.965s] [01m[K/home/jetson/ros_ws/src/gscam2/src/gscam_node.cpp:8:10:[m[K [01;31m[Kfatal error: [m[Kcamera_info_manager/camera_info_manager.hpp: No such file or directory
[5.966s]  #include [01;31m[K"camera_info_manager/camera_info_manager.hpp"[m[K
[5.967s]           [01;31m[K^~~~~~~~~~~~~~~~~~~~~~~~~~~~~~~~~~~~~~~~~~~~~[m[K
[5.968s] compilation terminated.
[5.975s] CMakeFiles/gscam_main.dir/build.make:86: recipe for target 'CMakeFiles/gscam_main.dir/src/gscam_node.cpp.o' failed
[5.976s] make[2]: *** [CMakeFiles/gscam_main.dir/src/gscam_node.cpp.o] Error 1
[5.976s] make[2]: *** Waiting for unfinished jobs....
[38.729s] CMakeFiles/Makefile2:67: recipe for target 'CMakeFiles/gscam_main.dir/all' failed
[38.745s] make[1]: *** [CMakeFiles/gscam_main.dir/all] Error 2
[39.976s] [ 55%] [32m[1mLinking CXX shared library libsubscriber_node.so[0m
[41.072s] [ 55%] Built target subscriber_node
[41.077s] Makefile:140: recipe for target 'all' failed
[41.078s] make: *** [all] Error 2
[41.104s] Invoked command in '/home/jetson/ros_ws/build/gscam2' returned '2': CMAKE_PREFIX_PATH=${CMAKE_PREFIX_PATH}:/home/jetson/ros_ws/install/nanosaur_hardware:/opt/ros/eloquent /usr/bin/cmake --build /home/jetson/ros_ws/build/gscam2 -- -j4 -l4
