[35m[1mScanning dependencies of target nanosaur_camera[0m
[ 66%] [32mBuilding CXX object CMakeFiles/nanosaur_camera.dir/src/image_converter.cpp.o[0m
[ 66%] [32mBuilding CXX object CMakeFiles/nanosaur_camera.dir/src/camera_publisher.cpp.o[0m
In file included from [01m[K/home/jetson/ros_ws/src/rb_nanosaur/nanosaur_camera/src/image_converter.cpp:2:0[m[K:
[01m[K/home/jetson/ros_ws/src/rb_nanosaur/nanosaur_camera/include/nanosaur_camera/image_converter.h:5:10:[m[K [01;31m[Kfatal error: [m[Kjetson-utils/cudaUtility.h: No such file or directory
 #include [01;31m[K"jetson-utils/cudaUtility.h"[m[K
          [01;31m[K^~~~~~~~~~~~~~~~~~~~~~~~~~~~[m[K
compilation terminated.
CMakeFiles/nanosaur_camera.dir/build.make:86: recipe for target 'CMakeFiles/nanosaur_camera.dir/src/image_converter.cpp.o' failed
make[2]: *** [CMakeFiles/nanosaur_camera.dir/src/image_converter.cpp.o] Error 1
make[2]: *** Waiting for unfinished jobs....
[01m[K/home/jetson/ros_ws/src/rb_nanosaur/nanosaur_camera/src/camera_publisher.cpp:38:10:[m[K [01;31m[Kfatal error: [m[Kcamera_info_manager/camera_info_manager.hpp: No such file or directory
 #include [01;31m[K<camera_info_manager/camera_info_manager.hpp>[m[K
          [01;31m[K^~~~~~~~~~~~~~~~~~~~~~~~~~~~~~~~~~~~~~~~~~~~~[m[K
compilation terminated.
CMakeFiles/nanosaur_camera.dir/build.make:62: recipe for target 'CMakeFiles/nanosaur_camera.dir/src/camera_publisher.cpp.o' failed
make[2]: *** [CMakeFiles/nanosaur_camera.dir/src/camera_publisher.cpp.o] Error 1
CMakeFiles/Makefile2:131: recipe for target 'CMakeFiles/nanosaur_camera.dir/all' failed
make[1]: *** [CMakeFiles/nanosaur_camera.dir/all] Error 2
Makefile:140: recipe for target 'all' failed
make: *** [all] Error 2
