[0.104s] Invoking command in '/home/jetson/ros_ws/build/gscam2': CMAKE_PREFIX_PATH=${CMAKE_PREFIX_PATH}:/home/jetson/ros_ws/install/nanosaur_hardware:/opt/ros/eloquent /usr/bin/cmake --build /home/jetson/ros_ws/build/gscam2 -- -j4 -l4
[0.770s] [35m[1mScanning dependencies of target gscam_node[0m
[0.770s] [35m[1mScanning dependencies of target gscam_main[0m
[0.842s] [ 22%] Built target subscriber_node
[0.964s] [ 33%] [32mBuilding CXX object CMakeFiles/gscam_node.dir/src/gscam_node.cpp.o[0m
[0.967s] [ 44%] [32mBuilding CXX object CMakeFiles/gscam_main.dir/src/gscam_node.cpp.o[0m
[44.235s] [01m[K/home/jetson/ros_ws/src/gscam2/src/gscam_node.cpp:[m[K In member function â€˜[01m[Kbool gscam2::GSCamNode::impl::create_pipeline()[m[Kâ€™:
[44.238s] [01m[K/home/jetson/ros_ws/src/gscam2/src/gscam_node.cpp:171:68:[m[K [01;31m[Kerror: [m[Kâ€˜[01m[KYUV422_YUY2[m[Kâ€™ is not a member of â€˜[01m[Ksensor_msgs::image_encodings[m[Kâ€™
[44.238s]    } else if (cxt_.image_encoding_ == sensor_msgs::image_encodings::[01;31m[KYUV422_YUY2[m[K) {
[44.239s]                                                                     [01;31m[K^~~~~~~~~~~[m[K
[44.239s] [01m[K/home/jetson/ros_ws/src/gscam2/src/gscam_node.cpp:[m[K In member function â€˜[01m[Kbool gscam2::GSCamNode::impl::create_pipeline()[m[Kâ€™:
[44.240s] [01m[K/home/jetson/ros_ws/src/gscam2/src/gscam_node.cpp:171:68:[m[K [01;31m[Kerror: [m[Kâ€˜[01m[KYUV422_YUY2[m[Kâ€™ is not a member of â€˜[01m[Ksensor_msgs::image_encodings[m[Kâ€™
[44.240s]    } else if (cxt_.image_encoding_ == sensor_msgs::image_encodings::[01;31m[KYUV422_YUY2[m[K) {
[44.241s]                                                                     [01;31m[K^~~~~~~~~~~[m[K
[44.241s] [01m[K/home/jetson/ros_ws/src/gscam2/src/gscam_node.cpp:171:68:[m[K [01;36m[Knote: [m[Ksuggested alternative: â€˜[01m[KYUV422[m[Kâ€™
[44.242s]    } else if (cxt_.image_encoding_ == sensor_msgs::image_encodings::[01;36m[KYUV422_YUY2[m[K) {
[44.242s]                                                                     [01;36m[K^~~~~~~~~~~[m[K
[44.243s]                                                                     [32m[KYUV422[m[K
[44.243s] [01m[K/home/jetson/ros_ws/src/gscam2/src/gscam_node.cpp:171:68:[m[K [01;36m[Knote: [m[Ksuggested alternative: â€˜[01m[KYUV422[m[Kâ€™
[44.244s]    } else if (cxt_.image_encoding_ == sensor_msgs::image_encodings::[01;36m[KYUV422_YUY2[m[K) {
[44.244s]                                                                     [01;36m[K^~~~~~~~~~~[m[K
[44.244s]                                                                     [32m[KYUV422[m[K
[44.245s] [01m[K/home/jetson/ros_ws/src/gscam2/src/gscam_node.cpp:[m[K In member function â€˜[01m[Kvoid gscam2::GSCamNode::impl::restart()[m[Kâ€™:
[44.245s] [01m[K/home/jetson/ros_ws/src/gscam2/src/gscam_node.cpp:440:59:[m[K [01;31m[Kerror: [m[Kâ€˜[01m[KYUV422_YUY2[m[Kâ€™ is not a member of â€˜[01m[Ksensor_msgs::image_encodings[m[Kâ€™
[44.246s]      cxt_.image_encoding_ != sensor_msgs::image_encodings::[01;31m[KYUV422_YUY2[m[K &&
[44.246s]                                                            [01;31m[K^~~~~~~~~~~[m[K
[44.247s] [01m[K/home/jetson/ros_ws/src/gscam2/src/gscam_node.cpp:440:59:[m[K [01;36m[Knote: [m[Ksuggested alternative: â€˜[01m[KYUV422[m[Kâ€™
[44.247s]      cxt_.image_encoding_ != sensor_msgs::image_encodings::[01;36m[KYUV422_YUY2[m[K &&
[44.251s]                                                            [01;36m[K^~~~~~~~~~~[m[K
[44.251s]                                                            [32m[KYUV422[m[K
[44.252s] [01m[K/home/jetson/ros_ws/src/gscam2/src/gscam_node.cpp:[m[K In member function â€˜[01m[Kvoid gscam2::GSCamNode::impl::restart()[m[Kâ€™:
[44.252s] [01m[K/home/jetson/ros_ws/src/gscam2/src/gscam_node.cpp:440:59:[m[K [01;31m[Kerror: [m[Kâ€˜[01m[KYUV422_YUY2[m[Kâ€™ is not a member of â€˜[01m[Ksensor_msgs::image_encodings[m[Kâ€™
[44.253s]      cxt_.image_encoding_ != sensor_msgs::image_encodings::[01;31m[KYUV422_YUY2[m[K &&
[44.253s]                                                            [01;31m[K^~~~~~~~~~~[m[K
[44.254s] [01m[K/home/jetson/ros_ws/src/gscam2/src/gscam_node.cpp:440:59:[m[K [01;36m[Knote: [m[Ksuggested alternative: â€˜[01m[KYUV422[m[Kâ€™
[44.254s]      cxt_.image_encoding_ != sensor_msgs::image_encodings::[01;36m[KYUV422_YUY2[m[K &&
[44.255s]                                                            [01;36m[K^~~~~~~~~~~[m[K
[44.255s]                                                            [32m[KYUV422[m[K
[69.287s] make[2]: *** [CMakeFiles/gscam_main.dir/src/gscam_node.cpp.o] Error 1
[69.296s] CMakeFiles/gscam_main.dir/build.make:86: recipe for target 'CMakeFiles/gscam_main.dir/src/gscam_node.cpp.o' failed
[69.343s] CMakeFiles/Makefile2:67: recipe for target 'CMakeFiles/gscam_main.dir/all' failed
[69.343s] make[1]: *** [CMakeFiles/gscam_main.dir/all] Error 2
[69.346s] make[1]: *** Waiting for unfinished jobs....
[71.774s] CMakeFiles/gscam_node.dir/build.make:62: recipe for target 'CMakeFiles/gscam_node.dir/src/gscam_node.cpp.o' failed
[71.774s] make[2]: *** [CMakeFiles/gscam_node.dir/src/gscam_node.cpp.o] Error 1
[71.815s] make[1]: *** [CMakeFiles/gscam_node.dir/all] Error 2
[71.816s] CMakeFiles/Makefile2:206: recipe for target 'CMakeFiles/gscam_node.dir/all' failed
[71.849s] Makefile:140: recipe for target 'all' failed
[71.850s] make: *** [all] Error 2
[72.562s] Invoked command in '/home/jetson/ros_ws/build/gscam2' returned '2': CMAKE_PREFIX_PATH=${CMAKE_PREFIX_PATH}:/home/jetson/ros_ws/install/nanosaur_hardware:/opt/ros/eloquent /usr/bin/cmake --build /home/jetson/ros_ws/build/gscam2 -- -j4 -l4
