-- Found ament_cmake: 0.8.3 (/opt/ros/eloquent/share/ament_cmake/cmake)
-- Using PYTHON_EXECUTABLE: /usr/bin/python3
-- Override CMake install command with custom implementation using symlinks instead of copying resources
-- Found rclcpp: 0.8.5 (/opt/ros/eloquent/share/rclcpp/cmake)
-- Found rosidl_adapter: 0.8.3 (/opt/ros/eloquent/share/rosidl_adapter/cmake)
-- Found rmw_implementation_cmake: 0.8.1 (/opt/ros/eloquent/share/rmw_implementation_cmake/cmake)
-- Using RMW implementation 'rmw_fastrtps_cpp' as default
-- Found sensor_msgs: 0.8.1 (/opt/ros/eloquent/share/sensor_msgs/cmake)
-- Found camera_info_manager: 2.2.1 (/opt/ros/eloquent/share/camera_info_manager/cmake)
-- Found CUDA: /usr/local/cuda (found version "10.2") 
-- Found PkgConfig: /usr/bin/pkg-config (found version "0.29.1") 
-- Checking for module 'gstreamer-1.0'
--   Found gstreamer-1.0, version 1.14.5
-- Configuring done
-- Generating done
-- Build files have been written to: /home/jetson/ros_ws/build/nanosaur_camera
[35m[1mScanning dependencies of target nanosaur_camera[0m
[ 66%] [32mBuilding CXX object CMakeFiles/nanosaur_camera.dir/src/image_converter.cpp.o[0m
[ 66%] [32mBuilding CXX object CMakeFiles/nanosaur_camera.dir/src/camera_publisher.cpp.o[0m
In file included from [01m[K/home/jetson/ros_ws/src/rb_nanosaur/nanosaur_camera/src/image_converter.cpp:2:0[m[K:
[01m[K/home/jetson/ros_ws/src/rb_nanosaur/nanosaur_camera/include/nanosaur_camera/image_converter.h:5:10:[m[K [01;31m[Kfatal error: [m[Kjetson-utils/cudaUtility.h: No such file or directory
 #include [01;31m[K<jetson-utils/cudaUtility.h>[m[K
          [01;31m[K^~~~~~~~~~~~~~~~~~~~~~~~~~~~[m[K
compilation terminated.
make[2]: *** [CMakeFiles/nanosaur_camera.dir/src/image_converter.cpp.o] Error 1
make[2]: *** Waiting for unfinished jobs....
CMakeFiles/nanosaur_camera.dir/build.make:86: recipe for target 'CMakeFiles/nanosaur_camera.dir/src/image_converter.cpp.o' failed
[01m[K/home/jetson/ros_ws/src/rb_nanosaur/nanosaur_camera/src/camera_publisher.cpp:38:10:[m[K [01;31m[Kfatal error: [m[Kcamera_info_manager/camera_info_manager.hpp: No such file or directory
 #include [01;31m[K<camera_info_manager/camera_info_manager.hpp>[m[K
          [01;31m[K^~~~~~~~~~~~~~~~~~~~~~~~~~~~~~~~~~~~~~~~~~~~~[m[K
compilation terminated.
CMakeFiles/nanosaur_camera.dir/build.make:62: recipe for target 'CMakeFiles/nanosaur_camera.dir/src/camera_publisher.cpp.o' failed
make[2]: *** [CMakeFiles/nanosaur_camera.dir/src/camera_publisher.cpp.o] Error 1
make[1]: *** [CMakeFiles/nanosaur_camera.dir/all] Error 2
CMakeFiles/Makefile2:131: recipe for target 'CMakeFiles/nanosaur_camera.dir/all' failed
Makefile:140: recipe for target 'all' failed
make: *** [all] Error 2
